<?xml version="1.0" encoding="UTF-8"?>
<!-- Generated by org.testng.reporters.JUnitReportReporter -->
<testsuite skipped="0" hostname="LAPTOP-VAG2MB3P" name="com.digitalproject.DigitalProjectTestCases" tests="18" failures="0" timestamp="2022-06-13T15:34:58 IST" time="61.426" errors="1">
  <testcase name="launchBrowser" time="7.772" classname="com.digitalproject.DigitalProjectTestCases"/>
  <system-out/>
  <testcase name="verifyLoginPage" time="0.185" classname="com.digitalproject.DigitalProjectTestCases"/>
  <system-out/>
  <testcase name="verifyUsername" time="5.107" classname="com.digitalproject.DigitalProjectTestCases"/>
  <system-out/>
  <testcase name="verifyPassword" time="3.098" classname="com.digitalproject.DigitalProjectTestCases"/>
  <system-out/>
  <testcase name="verifyLoginButton" time="31.705" classname="com.digitalproject.DigitalProjectTestCases"/>
  <system-out/>
  <testcase name="windowMaximizes" time="0.319" classname="com.digitalproject.DigitalProjectTestCases"/>
  <system-out/>
  <testcase name="verifyFillingForm" time="8.272" classname="com.digitalproject.DigitalProjectTestCases"/>
  <system-out/>
  <testcase name="verifyApplicationInformation" time="0.115" classname="com.digitalproject.DigitalProjectTestCases"/>
  <system-out/>
  <testcase name="verifyMobileNumber" time="0.110" classname="com.digitalproject.DigitalProjectTestCases"/>
  <system-out/>
  <testcase name="verifyEmailId" time="0.119" classname="com.digitalproject.DigitalProjectTestCases"/>
  <system-out/>
  <testcase name="verifyAdhaarNumber" time="0.097" classname="com.digitalproject.DigitalProjectTestCases"/>
  <system-out/>
  <testcase name="verifyAddress" time="0.099" classname="com.digitalproject.DigitalProjectTestCases"/>
  <system-out/>
  <testcase name="scrollPage" time="0.013" classname="com.digitalproject.DigitalProjectTestCases"/>
  <system-out/>
  <testcase name="verifyBirthCheckBox" time="0.081" classname="com.digitalproject.DigitalProjectTestCases"/>
  <system-out/>
  <testcase name="verifyCheckName" time="0.106" classname="com.digitalproject.DigitalProjectTestCases"/>
  <system-out/>
  <testcase name="verifyCheckDate" time="0.107" classname="com.digitalproject.DigitalProjectTestCases"/>
  <system-out/>
  <testcase name="verifySaveForm" time="0.076" classname="com.digitalproject.DigitalProjectTestCases"/>
  <system-out/>
  <testcase name="verifyOkButton" time="4.045" classname="com.digitalproject.DigitalProjectTestCases">
    <error type="java.lang.NullPointerException">
      <![CDATA[java.lang.NullPointerException
at com.digitalproject.DigitalProjectTestCases.verifyOkButton(DigitalProjectTestCases.java:123)
at sun.reflect.NativeMethodAccessorImpl.invoke0(Native Method)
at sun.reflect.NativeMethodAccessorImpl.invoke(NativeMethodAccessorImpl.java:62)
at sun.reflect.DelegatingMethodAccessorImpl.invoke(DelegatingMethodAccessorImpl.java:43)
at java.lang.reflect.Method.invoke(Method.java:498)
at org.testng.internal.MethodInvocationHelper.invokeMethod(MethodInvocationHelper.java:133)
at org.testng.internal.TestInvoker.invokeMethod(TestInvoker.java:598)
at org.testng.internal.TestInvoker.invokeTestMethod(TestInvoker.java:173)
at org.testng.internal.MethodRunner.runInSequence(MethodRunner.java:46)
at org.testng.internal.TestInvoker$MethodInvocationAgent.invoke(TestInvoker.java:824)
at org.testng.internal.TestInvoker.invokeTestMethods(TestInvoker.java:146)
at org.testng.internal.TestMethodWorker.invokeTestMethods(TestMethodWorker.java:146)
at org.testng.internal.TestMethodWorker.run(TestMethodWorker.java:128)
at java.util.ArrayList.forEach(ArrayList.java:1259)
at org.testng.TestRunner.privateRun(TestRunner.java:794)
at org.testng.TestRunner.run(TestRunner.java:596)
at org.testng.SuiteRunner.runTest(SuiteRunner.java:377)
at org.testng.SuiteRunner.runSequentially(SuiteRunner.java:371)
at org.testng.SuiteRunner.privateRun(SuiteRunner.java:332)
at org.testng.SuiteRunner.run(SuiteRunner.java:276)
at org.testng.SuiteRunnerWorker.runSuite(SuiteRunnerWorker.java:53)
at org.testng.SuiteRunnerWorker.run(SuiteRunnerWorker.java:96)
at org.testng.TestNG.runSuitesSequentially(TestNG.java:1212)
at org.testng.TestNG.runSuitesLocally(TestNG.java:1134)
at org.testng.TestNG.runSuites(TestNG.java:1063)
at org.testng.TestNG.run(TestNG.java:1031)
at org.testng.remote.AbstractRemoteTestNG.run(AbstractRemoteTestNG.java:115)
at org.testng.remote.RemoteTestNG.initAndRun(RemoteTestNG.java:251)
at org.testng.remote.RemoteTestNG.main(RemoteTestNG.java:77)
]]>
    </error>
  </testcase> <!-- verifyOkButton -->
  <system-out/>
</testsuite> <!-- com.digitalproject.DigitalProjectTestCases -->
