<?xml version="1.0" encoding="UTF-8"?>
<!-- Generated by org.testng.reporters.JUnitReportReporter -->
<testsuite skipped="0" hostname="LAPTOP-GULOPTL6" name="com.digitalproject.HomePageTestCase" tests="1" failures="0" timestamp="2022-06-27T14:42:13 IST" time="12.907" errors="0">
  <testcase name="m1" time="12.907" classname="com.digitalproject.HomePageTestCase"/>
  <system-out/>
</testsuite> <!-- com.digitalproject.HomePageTestCase -->
