<?xml version="1.0" encoding="UTF-8"?>
<!-- Generated by org.testng.reporters.JUnitReportReporter -->
<testsuite skipped="0" hostname="LAPTOP-GULOPTL6" name="com.digitalproject.DigitalProjectTestCases" tests="8" failures="0" timestamp="2022-05-19T15:14:59 IST" time="30.559" errors="0">
  <testcase name="launchBrowser" time="7.326" classname="com.digitalproject.DigitalProjectTestCases"/>
  <system-out/>
  <testcase name="verifyLoginPage" time="0.459" classname="com.digitalproject.DigitalProjectTestCases"/>
  <system-out/>
  <testcase name="verifyUsername" time="5.073" classname="com.digitalproject.DigitalProjectTestCases"/>
  <system-out/>
  <testcase name="verifyPassword" time="3.184" classname="com.digitalproject.DigitalProjectTestCases"/>
  <system-out/>
  <testcase name="verifyLoginButton" time="6.381" classname="com.digitalproject.DigitalProjectTestCases"/>
  <system-out/>
  <testcase name="windowMaximizes" time="0.364" classname="com.digitalproject.DigitalProjectTestCases"/>
  <system-out/>
  <testcase name="verifyFillingForm" time="7.675" classname="com.digitalproject.DigitalProjectTestCases"/>
  <system-out/>
  <testcase name="verifyApplicationInformation" time="0.097" classname="com.digitalproject.DigitalProjectTestCases"/>
  <system-out/>
</testsuite> <!-- com.digitalproject.DigitalProjectTestCases -->
